[2026-03-27 22:35:34.631] [info]    ############################################################################
[2026-03-27 22:35:34.631] [info]    CasparCG Server is distributed by the Swedish Broadcasting Corporation (SVT)
[2026-03-27 22:35:34.631] [info]    under the GNU General Public License GPLv3 or higher.
[2026-03-27 22:35:34.631] [info]    Please see LICENSE.TXT for details.
[2026-03-27 22:35:34.631] [info]    http://www.casparcg.com/
[2026-03-27 22:35:34.631] [info]    ############################################################################
[2026-03-27 22:35:34.631] [info]    Starting CasparCG Video and Graphics Playout Server 2.5.0 N/A Stable
[2026-03-27 22:35:34.631] [info]    "/home/overlayfox/Documents/overlayfox/casparcg-amcp-go/casparcg.config":
[2026-03-27 22:35:34.631] [info]    -----------------------------------------
[2026-03-27 22:35:34.631] [info]    <?xml version="1.0" encoding="utf-8"?>
[2026-03-27 22:35:34.631] [info]    <configuration>
[2026-03-27 22:35:34.631] [info]       <paths>
[2026-03-27 22:35:34.631] [info]          <media-path>media/</media-path>
[2026-03-27 22:35:34.631] [info]          <log-path disable="false">log/</log-path>
[2026-03-27 22:35:34.631] [info]          <data-path>data/</data-path>
[2026-03-27 22:35:34.631] [info]          <template-path>template/</template-path>
[2026-03-27 22:35:34.631] [info]       </paths>
[2026-03-27 22:35:34.631] [info]       <lock-clear-phrase>secret</lock-clear-phrase>
[2026-03-27 22:35:34.631] [info]       <channels>
[2026-03-27 22:35:34.631] [info]          <channel>
[2026-03-27 22:35:34.631] [info]             <video-mode>720p5000</video-mode>
[2026-03-27 22:35:34.631] [info]             <consumers>
[2026-03-27 22:35:34.631] [info]                <screen/>
[2026-03-27 22:35:34.631] [info]                <system-audio/>
[2026-03-27 22:35:34.631] [info]             </consumers>
[2026-03-27 22:35:34.631] [info]          </channel>
[2026-03-27 22:35:34.631] [info]       </channels>
[2026-03-27 22:35:34.631] [info]       <controllers>
[2026-03-27 22:35:34.631] [info]          <tcp>
[2026-03-27 22:35:34.631] [info]             <port>5250</port>
[2026-03-27 22:35:34.631] [info]             <protocol>AMCP</protocol>
[2026-03-27 22:35:34.631] [info]          </tcp>
[2026-03-27 22:35:34.631] [info]       </controllers>
[2026-03-27 22:35:34.631] [info]       <amcp>
[2026-03-27 22:35:34.631] [info]          <media-server>
[2026-03-27 22:35:34.631] [info]             <host>localhost</host>
[2026-03-27 22:35:34.631] [info]             <port>8000</port>
[2026-03-27 22:35:34.631] [info]          </media-server>
[2026-03-27 22:35:34.631] [info]       </amcp>
[2026-03-27 22:35:34.631] [info]    </configuration>
[2026-03-27 22:35:34.631] [info]    -----------------------------------------
[2026-03-27 22:35:34.631] [info]    Initialized video modes.
[2026-03-27 22:35:35.307] [info]    Initializing OpenGL Device (sfml).
[2026-03-27 22:35:35.307] [info]    Initializing OpenGL Device.
[2026-03-27 22:35:35.309] [info]    Initialized OpenGL 4.5.0 NVIDIA 580.126.09 NVIDIA Corporation
[2026-03-27 22:35:35.350] [info]    Initialized OpenGL Accelerated GPU Image Mixer for channel 1
[2026-03-27 22:35:35.350] [info]    video_channel[1|720p5000] Successfully Initialized.
[2026-03-27 22:35:35.350] [info]    Initialized channels.
[2026-03-27 22:35:35.350] [info]    Initialized command repository.
[2026-03-27 22:35:35.350] [info]    Initialized image module.
[2026-03-27 22:35:35.350] [info]    Initialized ffmpeg module.
[2026-03-27 22:35:35.350] [info]    Initialized oal module.
[2026-03-27 22:35:35.350] [info]    Initialized decklink module.
[2026-03-27 22:35:35.350] [info]    Initialized screen module.
[2026-03-27 22:35:35.350] [info]    Initialized newtek module.
[2026-03-27 22:35:35.350] [info]    Initialized artnet module.
[2026-03-27 22:35:35.350] [info]    [html] Using CEF cache path: /home/overlayfox/Documents/overlayfox/casparcg-amcp-go/cef-cache
[2026-03-27 22:35:35.472] [info]    Initialized html module.
[2026-03-27 22:35:35.472] [info]    Initialized modules.
[2026-03-27 22:35:35.472] [info]    Screen consumer [1|720p5000] Using frame copied to host for rendering.
[2026-03-27 22:35:35.472] [info]    Screen consumer [1|720p5000] Initialized.
[2026-03-27 22:35:35.555] [info]    oal[1|720p5000] Initialized.
[2026-03-27 22:35:35.556] [info]    Initialized startup producers.
[2026-03-27 22:35:35.556] [info]    Initialized controllers.
[2026-03-27 22:35:35.556] [info]    Initialized osc.
